0 info it worked if it ends with ok
1 verbose cli [ 'C:\\Program Files\\nodejs\\node.exe',
1 verbose cli   'C:\\Program Files\\nodejs\\node_modules\\npm\\bin\\npm-cli.js',
1 verbose cli   'install' ]
2 info using npm@3.10.10
3 info using node@v6.10.2
4 silly loadCurrentTree Starting
5 silly install loadCurrentTree
6 silly install readLocalPackageData
7 silly install normalizeTree
8 silly loadCurrentTree Finishing
9 silly loadIdealTree Starting
10 silly install loadIdealTree
11 silly cloneCurrentTree Starting
12 silly install cloneCurrentTreeToIdealTree
13 silly cloneCurrentTree Finishing
14 silly loadShrinkwrap Starting
15 silly install loadShrinkwrap
16 silly loadShrinkwrap Finishing
17 silly loadAllDepsIntoIdealTree Starting
18 silly install loadAllDepsIntoIdealTree
19 silly fetchNamedPackageData @angular/common
20 silly mapToRegistry name @angular/common
21 silly mapToRegistry scope (from package name) @angular
22 verbose mapToRegistry no registry URL found in name for scope @angular
23 silly mapToRegistry using default registry
24 silly mapToRegistry registry https://registry.npmjs.org/
25 silly mapToRegistry data Result {
25 silly mapToRegistry   raw: '@angular/common',
25 silly mapToRegistry   scope: '@angular',
25 silly mapToRegistry   escapedName: '@angular%2fcommon',
25 silly mapToRegistry   name: '@angular/common',
25 silly mapToRegistry   rawSpec: '',
25 silly mapToRegistry   spec: 'latest',
25 silly mapToRegistry   type: 'tag' }
26 silly mapToRegistry uri https://registry.npmjs.org/@angular%2fcommon
27 silly fetchNamedPackageData @angular/compiler
28 silly mapToRegistry name @angular/compiler
29 silly mapToRegistry scope (from package name) @angular
30 verbose mapToRegistry no registry URL found in name for scope @angular
31 silly mapToRegistry using default registry
32 silly mapToRegistry registry https://registry.npmjs.org/
33 silly mapToRegistry data Result {
33 silly mapToRegistry   raw: '@angular/compiler',
33 silly mapToRegistry   scope: '@angular',
33 silly mapToRegistry   escapedName: '@angular%2fcompiler',
33 silly mapToRegistry   name: '@angular/compiler',
33 silly mapToRegistry   rawSpec: '',
33 silly mapToRegistry   spec: 'latest',
33 silly mapToRegistry   type: 'tag' }
34 silly mapToRegistry uri https://registry.npmjs.org/@angular%2fcompiler
35 silly fetchNamedPackageData @angular/core
36 silly mapToRegistry name @angular/core
37 silly mapToRegistry scope (from package name) @angular
38 verbose mapToRegistry no registry URL found in name for scope @angular
39 silly mapToRegistry using default registry
40 silly mapToRegistry registry https://registry.npmjs.org/
41 silly mapToRegistry data Result {
41 silly mapToRegistry   raw: '@angular/core',
41 silly mapToRegistry   scope: '@angular',
41 silly mapToRegistry   escapedName: '@angular%2fcore',
41 silly mapToRegistry   name: '@angular/core',
41 silly mapToRegistry   rawSpec: '',
41 silly mapToRegistry   spec: 'latest',
41 silly mapToRegistry   type: 'tag' }
42 silly mapToRegistry uri https://registry.npmjs.org/@angular%2fcore
43 silly fetchNamedPackageData @angular/forms
44 silly mapToRegistry name @angular/forms
45 silly mapToRegistry scope (from package name) @angular
46 verbose mapToRegistry no registry URL found in name for scope @angular
47 silly mapToRegistry using default registry
48 silly mapToRegistry registry https://registry.npmjs.org/
49 silly mapToRegistry data Result {
49 silly mapToRegistry   raw: '@angular/forms',
49 silly mapToRegistry   scope: '@angular',
49 silly mapToRegistry   escapedName: '@angular%2fforms',
49 silly mapToRegistry   name: '@angular/forms',
49 silly mapToRegistry   rawSpec: '',
49 silly mapToRegistry   spec: 'latest',
49 silly mapToRegistry   type: 'tag' }
50 silly mapToRegistry uri https://registry.npmjs.org/@angular%2fforms
51 silly fetchNamedPackageData @angular/http
52 silly mapToRegistry name @angular/http
53 silly mapToRegistry scope (from package name) @angular
54 verbose mapToRegistry no registry URL found in name for scope @angular
55 silly mapToRegistry using default registry
56 silly mapToRegistry registry https://registry.npmjs.org/
57 silly mapToRegistry data Result {
57 silly mapToRegistry   raw: '@angular/http',
57 silly mapToRegistry   scope: '@angular',
57 silly mapToRegistry   escapedName: '@angular%2fhttp',
57 silly mapToRegistry   name: '@angular/http',
57 silly mapToRegistry   rawSpec: '',
57 silly mapToRegistry   spec: 'latest',
57 silly mapToRegistry   type: 'tag' }
58 silly mapToRegistry uri https://registry.npmjs.org/@angular%2fhttp
59 silly fetchNamedPackageData @angular/platform-browser
60 silly mapToRegistry name @angular/platform-browser
61 silly mapToRegistry scope (from package name) @angular
62 verbose mapToRegistry no registry URL found in name for scope @angular
63 silly mapToRegistry using default registry
64 silly mapToRegistry registry https://registry.npmjs.org/
65 silly mapToRegistry data Result {
65 silly mapToRegistry   raw: '@angular/platform-browser',
65 silly mapToRegistry   scope: '@angular',
65 silly mapToRegistry   escapedName: '@angular%2fplatform-browser',
65 silly mapToRegistry   name: '@angular/platform-browser',
65 silly mapToRegistry   rawSpec: '',
65 silly mapToRegistry   spec: 'latest',
65 silly mapToRegistry   type: 'tag' }
66 silly mapToRegistry uri https://registry.npmjs.org/@angular%2fplatform-browser
67 silly fetchNamedPackageData @angular/platform-browser-dynamic
68 silly mapToRegistry name @angular/platform-browser-dynamic
69 silly mapToRegistry scope (from package name) @angular
70 verbose mapToRegistry no registry URL found in name for scope @angular
71 silly mapToRegistry using default registry
72 silly mapToRegistry registry https://registry.npmjs.org/
73 silly mapToRegistry data Result {
73 silly mapToRegistry   raw: '@angular/platform-browser-dynamic',
73 silly mapToRegistry   scope: '@angular',
73 silly mapToRegistry   escapedName: '@angular%2fplatform-browser-dynamic',
73 silly mapToRegistry   name: '@angular/platform-browser-dynamic',
73 silly mapToRegistry   rawSpec: '',
73 silly mapToRegistry   spec: 'latest',
73 silly mapToRegistry   type: 'tag' }
74 silly mapToRegistry uri https://registry.npmjs.org/@angular%2fplatform-browser-dynamic
75 silly fetchNamedPackageData @angular/router
76 silly mapToRegistry name @angular/router
77 silly mapToRegistry scope (from package name) @angular
78 verbose mapToRegistry no registry URL found in name for scope @angular
79 silly mapToRegistry using default registry
80 silly mapToRegistry registry https://registry.npmjs.org/
81 silly mapToRegistry data Result {
81 silly mapToRegistry   raw: '@angular/router',
81 silly mapToRegistry   scope: '@angular',
81 silly mapToRegistry   escapedName: '@angular%2frouter',
81 silly mapToRegistry   name: '@angular/router',
81 silly mapToRegistry   rawSpec: '',
81 silly mapToRegistry   spec: 'latest',
81 silly mapToRegistry   type: 'tag' }
82 silly mapToRegistry uri https://registry.npmjs.org/@angular%2frouter
83 silly fetchNamedPackageData angular-in-memory-web-api
84 silly mapToRegistry name angular-in-memory-web-api
85 silly mapToRegistry using default registry
86 silly mapToRegistry registry https://registry.npmjs.org/
87 silly mapToRegistry data Result {
87 silly mapToRegistry   raw: 'angular-in-memory-web-api',
87 silly mapToRegistry   scope: null,
87 silly mapToRegistry   escapedName: 'angular-in-memory-web-api',
87 silly mapToRegistry   name: 'angular-in-memory-web-api',
87 silly mapToRegistry   rawSpec: '',
87 silly mapToRegistry   spec: 'latest',
87 silly mapToRegistry   type: 'tag' }
88 silly mapToRegistry uri https://registry.npmjs.org/angular-in-memory-web-api
89 silly fetchNamedPackageData systemjs
90 silly mapToRegistry name systemjs
91 silly mapToRegistry using default registry
92 silly mapToRegistry registry https://registry.npmjs.org/
93 silly mapToRegistry data Result {
93 silly mapToRegistry   raw: 'systemjs',
93 silly mapToRegistry   scope: null,
93 silly mapToRegistry   escapedName: 'systemjs',
93 silly mapToRegistry   name: 'systemjs',
93 silly mapToRegistry   rawSpec: '',
93 silly mapToRegistry   spec: 'latest',
93 silly mapToRegistry   type: 'tag' }
94 silly mapToRegistry uri https://registry.npmjs.org/systemjs
95 silly fetchNamedPackageData core-js
96 silly mapToRegistry name core-js
97 silly mapToRegistry using default registry
98 silly mapToRegistry registry https://registry.npmjs.org/
99 silly mapToRegistry data Result {
99 silly mapToRegistry   raw: 'core-js',
99 silly mapToRegistry   scope: null,
99 silly mapToRegistry   escapedName: 'core-js',
99 silly mapToRegistry   name: 'core-js',
99 silly mapToRegistry   rawSpec: '',
99 silly mapToRegistry   spec: 'latest',
99 silly mapToRegistry   type: 'tag' }
100 silly mapToRegistry uri https://registry.npmjs.org/core-js
101 silly fetchNamedPackageData rxjs
102 silly mapToRegistry name rxjs
103 silly mapToRegistry using default registry
104 silly mapToRegistry registry https://registry.npmjs.org/
105 silly mapToRegistry data Result {
105 silly mapToRegistry   raw: 'rxjs',
105 silly mapToRegistry   scope: null,
105 silly mapToRegistry   escapedName: 'rxjs',
105 silly mapToRegistry   name: 'rxjs',
105 silly mapToRegistry   rawSpec: '',
105 silly mapToRegistry   spec: 'latest',
105 silly mapToRegistry   type: 'tag' }
106 silly mapToRegistry uri https://registry.npmjs.org/rxjs
107 silly fetchNamedPackageData zone.js
108 silly mapToRegistry name zone.js
109 silly mapToRegistry using default registry
110 silly mapToRegistry registry https://registry.npmjs.org/
111 silly mapToRegistry data Result {
111 silly mapToRegistry   raw: 'zone.js',
111 silly mapToRegistry   scope: null,
111 silly mapToRegistry   escapedName: 'zone.js',
111 silly mapToRegistry   name: 'zone.js',
111 silly mapToRegistry   rawSpec: '',
111 silly mapToRegistry   spec: 'latest',
111 silly mapToRegistry   type: 'tag' }
112 silly mapToRegistry uri https://registry.npmjs.org/zone.js
113 verbose request uri https://registry.npmjs.org/@angular%2fcommon
114 verbose request no auth needed
115 info attempt registry request try #1 at 2:05:30 PM
116 verbose request id f0c373dd450a36e0
117 http request GET https://registry.npmjs.org/@angular%2fcommon
118 verbose request uri https://registry.npmjs.org/@angular%2fcompiler
119 verbose request no auth needed
120 info attempt registry request try #1 at 2:05:30 PM
121 http request GET https://registry.npmjs.org/@angular%2fcompiler
122 verbose request uri https://registry.npmjs.org/@angular%2fcore
123 verbose request no auth needed
124 info attempt registry request try #1 at 2:05:30 PM
125 http request GET https://registry.npmjs.org/@angular%2fcore
126 verbose request uri https://registry.npmjs.org/@angular%2fforms
127 verbose request no auth needed
128 info attempt registry request try #1 at 2:05:30 PM
129 http request GET https://registry.npmjs.org/@angular%2fforms
130 verbose request uri https://registry.npmjs.org/@angular%2fhttp
131 verbose request no auth needed
132 info attempt registry request try #1 at 2:05:30 PM
133 http request GET https://registry.npmjs.org/@angular%2fhttp
134 verbose request uri https://registry.npmjs.org/@angular%2fplatform-browser
135 verbose request no auth needed
136 info attempt registry request try #1 at 2:05:30 PM
137 http request GET https://registry.npmjs.org/@angular%2fplatform-browser
138 verbose request uri https://registry.npmjs.org/@angular%2fplatform-browser-dynamic
139 verbose request no auth needed
140 info attempt registry request try #1 at 2:05:30 PM
141 http request GET https://registry.npmjs.org/@angular%2fplatform-browser-dynamic
142 verbose request uri https://registry.npmjs.org/@angular%2frouter
143 verbose request no auth needed
144 info attempt registry request try #1 at 2:05:30 PM
145 http request GET https://registry.npmjs.org/@angular%2frouter
146 verbose request uri https://registry.npmjs.org/angular-in-memory-web-api
147 verbose request no auth needed
148 info attempt registry request try #1 at 2:05:30 PM
149 http request GET https://registry.npmjs.org/angular-in-memory-web-api
150 verbose request uri https://registry.npmjs.org/systemjs
151 verbose request no auth needed
152 info attempt registry request try #1 at 2:05:30 PM
153 http request GET https://registry.npmjs.org/systemjs
154 verbose request uri https://registry.npmjs.org/core-js
155 verbose request no auth needed
156 info attempt registry request try #1 at 2:05:30 PM
157 http request GET https://registry.npmjs.org/core-js
158 verbose request uri https://registry.npmjs.org/rxjs
159 verbose request no auth needed
160 info attempt registry request try #1 at 2:05:30 PM
161 http request GET https://registry.npmjs.org/rxjs
162 verbose request uri https://registry.npmjs.org/zone.js
163 verbose request no auth needed
164 info attempt registry request try #1 at 2:05:30 PM
165 http request GET https://registry.npmjs.org/zone.js
166 info retry will retry, error on last attempt: Error: connect ECONNREFUSED 151.101.8.162:443
167 info retry will retry, error on last attempt: Error: connect ECONNREFUSED 151.101.8.162:443
168 info retry will retry, error on last attempt: Error: connect ECONNREFUSED 151.101.8.162:443
169 info retry will retry, error on last attempt: Error: connect ECONNREFUSED 151.101.8.162:443
170 info retry will retry, error on last attempt: Error: connect ECONNREFUSED 151.101.8.162:443
171 info retry will retry, error on last attempt: Error: connect ECONNREFUSED 151.101.8.162:443
172 info retry will retry, error on last attempt: Error: connect ECONNREFUSED 151.101.8.162:443
173 info retry will retry, error on last attempt: Error: connect ECONNREFUSED 151.101.8.162:443
174 info retry will retry, error on last attempt: Error: connect ECONNREFUSED 151.101.8.162:443
175 info retry will retry, error on last attempt: Error: connect ECONNREFUSED 151.101.8.162:443
176 info retry will retry, error on last attempt: Error: connect ECONNREFUSED 151.101.8.162:443
177 info retry will retry, error on last attempt: Error: connect ECONNREFUSED 151.101.8.162:443
178 info retry will retry, error on last attempt: Error: connect ECONNREFUSED 151.101.8.162:443
179 info attempt registry request try #2 at 2:05:41 PM
180 http request GET https://registry.npmjs.org/@angular%2fplatform-browser
181 info attempt registry request try #2 at 2:05:41 PM
182 http request GET https://registry.npmjs.org/@angular%2fcompiler
183 info attempt registry request try #2 at 2:05:41 PM
184 http request GET https://registry.npmjs.org/@angular%2fforms
185 info attempt registry request try #2 at 2:05:41 PM
186 http request GET https://registry.npmjs.org/@angular%2fhttp
187 info attempt registry request try #2 at 2:05:41 PM
188 http request GET https://registry.npmjs.org/angular-in-memory-web-api
189 info attempt registry request try #2 at 2:05:41 PM
190 http request GET https://registry.npmjs.org/@angular%2frouter
191 info attempt registry request try #2 at 2:05:41 PM
192 http request GET https://registry.npmjs.org/@angular%2fcore
193 info attempt registry request try #2 at 2:05:41 PM
194 http request GET https://registry.npmjs.org/@angular%2fcommon
195 info attempt registry request try #2 at 2:05:41 PM
196 http request GET https://registry.npmjs.org/@angular%2fplatform-browser-dynamic
197 info attempt registry request try #2 at 2:05:41 PM
198 http request GET https://registry.npmjs.org/systemjs
199 info attempt registry request try #2 at 2:05:41 PM
200 http request GET https://registry.npmjs.org/zone.js
201 info attempt registry request try #2 at 2:05:41 PM
202 http request GET https://registry.npmjs.org/core-js
203 info attempt registry request try #2 at 2:05:41 PM
204 http request GET https://registry.npmjs.org/rxjs
205 info retry will retry, error on last attempt: Error: connect ECONNREFUSED 151.101.0.162:443
206 info retry will retry, error on last attempt: Error: connect ECONNREFUSED 151.101.0.162:443
207 info retry will retry, error on last attempt: Error: connect ECONNREFUSED 151.101.0.162:443
208 info retry will retry, error on last attempt: Error: connect ECONNREFUSED 151.101.0.162:443
209 info retry will retry, error on last attempt: Error: connect ECONNREFUSED 151.101.0.162:443
210 info retry will retry, error on last attempt: Error: connect ECONNREFUSED 151.101.0.162:443
211 info retry will retry, error on last attempt: Error: connect ECONNREFUSED 151.101.0.162:443
212 info retry will retry, error on last attempt: Error: connect ECONNREFUSED 151.101.0.162:443
213 info retry will retry, error on last attempt: Error: connect ECONNREFUSED 151.101.0.162:443
214 info retry will retry, error on last attempt: Error: connect ECONNREFUSED 151.101.0.162:443
215 info retry will retry, error on last attempt: Error: connect ECONNREFUSED 151.101.0.162:443
216 info retry will retry, error on last attempt: Error: connect ECONNREFUSED 151.101.0.162:443
217 info retry will retry, error on last attempt: Error: connect ECONNREFUSED 151.101.0.162:443
218 info attempt registry request try #3 at 2:06:42 PM
219 http request GET https://registry.npmjs.org/angular-in-memory-web-api
220 info attempt registry request try #3 at 2:06:42 PM
221 http request GET https://registry.npmjs.org/@angular%2fcompiler
222 info attempt registry request try #3 at 2:06:42 PM
223 http request GET https://registry.npmjs.org/@angular%2fplatform-browser
224 info attempt registry request try #3 at 2:06:42 PM
225 http request GET https://registry.npmjs.org/@angular%2frouter
226 info attempt registry request try #3 at 2:06:42 PM
227 http request GET https://registry.npmjs.org/systemjs
228 info attempt registry request try #3 at 2:06:42 PM
229 http request GET https://registry.npmjs.org/@angular%2fcore
230 info attempt registry request try #3 at 2:06:42 PM
231 http request GET https://registry.npmjs.org/@angular%2fcommon
232 info attempt registry request try #3 at 2:06:42 PM
233 http request GET https://registry.npmjs.org/core-js
234 info attempt registry request try #3 at 2:06:42 PM
235 http request GET https://registry.npmjs.org/@angular%2fplatform-browser-dynamic
236 info attempt registry request try #3 at 2:06:42 PM
237 http request GET https://registry.npmjs.org/@angular%2fhttp
238 info attempt registry request try #3 at 2:06:42 PM
239 http request GET https://registry.npmjs.org/rxjs
240 info attempt registry request try #3 at 2:06:42 PM
241 http request GET https://registry.npmjs.org/@angular%2fforms
242 info attempt registry request try #3 at 2:06:42 PM
243 http request GET https://registry.npmjs.org/zone.js
244 silly fetchPackageMetaData Error: connect ECONNREFUSED 151.101.64.162:443
244 silly fetchPackageMetaData     at Object.exports._errnoException (util.js:1018:11)
244 silly fetchPackageMetaData     at exports._exceptionWithHostPort (util.js:1041:20)
244 silly fetchPackageMetaData     at TCPConnectWrap.afterConnect [as oncomplete] (net.js:1090:14)
244 silly fetchPackageMetaData  error for @angular/platform-browser@~4.0.0 { Error: connect ECONNREFUSED 151.101.64.162:443
244 silly fetchPackageMetaData     at Object.exports._errnoException (util.js:1018:11)
244 silly fetchPackageMetaData     at exports._exceptionWithHostPort (util.js:1041:20)
244 silly fetchPackageMetaData     at TCPConnectWrap.afterConnect [as oncomplete] (net.js:1090:14)
244 silly fetchPackageMetaData   code: 'ECONNREFUSED',
244 silly fetchPackageMetaData   errno: 'ECONNREFUSED',
244 silly fetchPackageMetaData   syscall: 'connect',
244 silly fetchPackageMetaData   address: '151.101.64.162',
244 silly fetchPackageMetaData   port: 443 }
245 silly fetchPackageMetaData Error: connect ECONNREFUSED 151.101.64.162:443
245 silly fetchPackageMetaData     at Object.exports._errnoException (util.js:1018:11)
245 silly fetchPackageMetaData     at exports._exceptionWithHostPort (util.js:1041:20)
245 silly fetchPackageMetaData     at TCPConnectWrap.afterConnect [as oncomplete] (net.js:1090:14)
245 silly fetchPackageMetaData  error for angular-in-memory-web-api@~0.3.0 { Error: connect ECONNREFUSED 151.101.64.162:443
245 silly fetchPackageMetaData     at Object.exports._errnoException (util.js:1018:11)
245 silly fetchPackageMetaData     at exports._exceptionWithHostPort (util.js:1041:20)
245 silly fetchPackageMetaData     at TCPConnectWrap.afterConnect [as oncomplete] (net.js:1090:14)
245 silly fetchPackageMetaData   code: 'ECONNREFUSED',
245 silly fetchPackageMetaData   errno: 'ECONNREFUSED',
245 silly fetchPackageMetaData   syscall: 'connect',
245 silly fetchPackageMetaData   address: '151.101.64.162',
245 silly fetchPackageMetaData   port: 443 }
246 silly fetchPackageMetaData Error: connect ECONNREFUSED 151.101.64.162:443
246 silly fetchPackageMetaData     at Object.exports._errnoException (util.js:1018:11)
246 silly fetchPackageMetaData     at exports._exceptionWithHostPort (util.js:1041:20)
246 silly fetchPackageMetaData     at TCPConnectWrap.afterConnect [as oncomplete] (net.js:1090:14)
246 silly fetchPackageMetaData  error for @angular/compiler@~4.0.0 { Error: connect ECONNREFUSED 151.101.64.162:443
246 silly fetchPackageMetaData     at Object.exports._errnoException (util.js:1018:11)
246 silly fetchPackageMetaData     at exports._exceptionWithHostPort (util.js:1041:20)
246 silly fetchPackageMetaData     at TCPConnectWrap.afterConnect [as oncomplete] (net.js:1090:14)
246 silly fetchPackageMetaData   code: 'ECONNREFUSED',
246 silly fetchPackageMetaData   errno: 'ECONNREFUSED',
246 silly fetchPackageMetaData   syscall: 'connect',
246 silly fetchPackageMetaData   address: '151.101.64.162',
246 silly fetchPackageMetaData   port: 443 }
247 silly fetchPackageMetaData Error: connect ECONNREFUSED 151.101.64.162:443
247 silly fetchPackageMetaData     at Object.exports._errnoException (util.js:1018:11)
247 silly fetchPackageMetaData     at exports._exceptionWithHostPort (util.js:1041:20)
247 silly fetchPackageMetaData     at TCPConnectWrap.afterConnect [as oncomplete] (net.js:1090:14)
247 silly fetchPackageMetaData  error for systemjs@0.19.40 { Error: connect ECONNREFUSED 151.101.64.162:443
247 silly fetchPackageMetaData     at Object.exports._errnoException (util.js:1018:11)
247 silly fetchPackageMetaData     at exports._exceptionWithHostPort (util.js:1041:20)
247 silly fetchPackageMetaData     at TCPConnectWrap.afterConnect [as oncomplete] (net.js:1090:14)
247 silly fetchPackageMetaData   code: 'ECONNREFUSED',
247 silly fetchPackageMetaData   errno: 'ECONNREFUSED',
247 silly fetchPackageMetaData   syscall: 'connect',
247 silly fetchPackageMetaData   address: '151.101.64.162',
247 silly fetchPackageMetaData   port: 443 }
248 silly fetchPackageMetaData Error: connect ECONNREFUSED 151.101.64.162:443
248 silly fetchPackageMetaData     at Object.exports._errnoException (util.js:1018:11)
248 silly fetchPackageMetaData     at exports._exceptionWithHostPort (util.js:1041:20)
248 silly fetchPackageMetaData     at TCPConnectWrap.afterConnect [as oncomplete] (net.js:1090:14)
248 silly fetchPackageMetaData  error for @angular/router@~4.0.0 { Error: connect ECONNREFUSED 151.101.64.162:443
248 silly fetchPackageMetaData     at Object.exports._errnoException (util.js:1018:11)
248 silly fetchPackageMetaData     at exports._exceptionWithHostPort (util.js:1041:20)
248 silly fetchPackageMetaData     at TCPConnectWrap.afterConnect [as oncomplete] (net.js:1090:14)
248 silly fetchPackageMetaData   code: 'ECONNREFUSED',
248 silly fetchPackageMetaData   errno: 'ECONNREFUSED',
248 silly fetchPackageMetaData   syscall: 'connect',
248 silly fetchPackageMetaData   address: '151.101.64.162',
248 silly fetchPackageMetaData   port: 443 }
249 silly fetchPackageMetaData Error: connect ECONNREFUSED 151.101.64.162:443
249 silly fetchPackageMetaData     at Object.exports._errnoException (util.js:1018:11)
249 silly fetchPackageMetaData     at exports._exceptionWithHostPort (util.js:1041:20)
249 silly fetchPackageMetaData     at TCPConnectWrap.afterConnect [as oncomplete] (net.js:1090:14)
249 silly fetchPackageMetaData  error for @angular/common@~4.0.0 { Error: connect ECONNREFUSED 151.101.64.162:443
249 silly fetchPackageMetaData     at Object.exports._errnoException (util.js:1018:11)
249 silly fetchPackageMetaData     at exports._exceptionWithHostPort (util.js:1041:20)
249 silly fetchPackageMetaData     at TCPConnectWrap.afterConnect [as oncomplete] (net.js:1090:14)
249 silly fetchPackageMetaData   code: 'ECONNREFUSED',
249 silly fetchPackageMetaData   errno: 'ECONNREFUSED',
249 silly fetchPackageMetaData   syscall: 'connect',
249 silly fetchPackageMetaData   address: '151.101.64.162',
249 silly fetchPackageMetaData   port: 443 }
250 silly fetchPackageMetaData Error: connect ECONNREFUSED 151.101.64.162:443
250 silly fetchPackageMetaData     at Object.exports._errnoException (util.js:1018:11)
250 silly fetchPackageMetaData     at exports._exceptionWithHostPort (util.js:1041:20)
250 silly fetchPackageMetaData     at TCPConnectWrap.afterConnect [as oncomplete] (net.js:1090:14)
250 silly fetchPackageMetaData  error for @angular/http@~4.0.0 { Error: connect ECONNREFUSED 151.101.64.162:443
250 silly fetchPackageMetaData     at Object.exports._errnoException (util.js:1018:11)
250 silly fetchPackageMetaData     at exports._exceptionWithHostPort (util.js:1041:20)
250 silly fetchPackageMetaData     at TCPConnectWrap.afterConnect [as oncomplete] (net.js:1090:14)
250 silly fetchPackageMetaData   code: 'ECONNREFUSED',
250 silly fetchPackageMetaData   errno: 'ECONNREFUSED',
250 silly fetchPackageMetaData   syscall: 'connect',
250 silly fetchPackageMetaData   address: '151.101.64.162',
250 silly fetchPackageMetaData   port: 443 }
251 silly fetchPackageMetaData Error: connect ECONNREFUSED 151.101.64.162:443
251 silly fetchPackageMetaData     at Object.exports._errnoException (util.js:1018:11)
251 silly fetchPackageMetaData     at exports._exceptionWithHostPort (util.js:1041:20)
251 silly fetchPackageMetaData     at TCPConnectWrap.afterConnect [as oncomplete] (net.js:1090:14)
251 silly fetchPackageMetaData  error for @angular/core@~4.0.0 { Error: connect ECONNREFUSED 151.101.64.162:443
251 silly fetchPackageMetaData     at Object.exports._errnoException (util.js:1018:11)
251 silly fetchPackageMetaData     at exports._exceptionWithHostPort (util.js:1041:20)
251 silly fetchPackageMetaData     at TCPConnectWrap.afterConnect [as oncomplete] (net.js:1090:14)
251 silly fetchPackageMetaData   code: 'ECONNREFUSED',
251 silly fetchPackageMetaData   errno: 'ECONNREFUSED',
251 silly fetchPackageMetaData   syscall: 'connect',
251 silly fetchPackageMetaData   address: '151.101.64.162',
251 silly fetchPackageMetaData   port: 443 }
252 silly fetchPackageMetaData Error: connect ECONNREFUSED 151.101.64.162:443
252 silly fetchPackageMetaData     at Object.exports._errnoException (util.js:1018:11)
252 silly fetchPackageMetaData     at exports._exceptionWithHostPort (util.js:1041:20)
252 silly fetchPackageMetaData     at TCPConnectWrap.afterConnect [as oncomplete] (net.js:1090:14)
252 silly fetchPackageMetaData  error for @angular/platform-browser-dynamic@~4.0.0 { Error: connect ECONNREFUSED 151.101.64.162:443
252 silly fetchPackageMetaData     at Object.exports._errnoException (util.js:1018:11)
252 silly fetchPackageMetaData     at exports._exceptionWithHostPort (util.js:1041:20)
252 silly fetchPackageMetaData     at TCPConnectWrap.afterConnect [as oncomplete] (net.js:1090:14)
252 silly fetchPackageMetaData   code: 'ECONNREFUSED',
252 silly fetchPackageMetaData   errno: 'ECONNREFUSED',
252 silly fetchPackageMetaData   syscall: 'connect',
252 silly fetchPackageMetaData   address: '151.101.64.162',
252 silly fetchPackageMetaData   port: 443 }
253 silly fetchPackageMetaData Error: connect ECONNREFUSED 151.101.64.162:443
253 silly fetchPackageMetaData     at Object.exports._errnoException (util.js:1018:11)
253 silly fetchPackageMetaData     at exports._exceptionWithHostPort (util.js:1041:20)
253 silly fetchPackageMetaData     at TCPConnectWrap.afterConnect [as oncomplete] (net.js:1090:14)
253 silly fetchPackageMetaData  error for core-js@^2.4.1 { Error: connect ECONNREFUSED 151.101.64.162:443
253 silly fetchPackageMetaData     at Object.exports._errnoException (util.js:1018:11)
253 silly fetchPackageMetaData     at exports._exceptionWithHostPort (util.js:1041:20)
253 silly fetchPackageMetaData     at TCPConnectWrap.afterConnect [as oncomplete] (net.js:1090:14)
253 silly fetchPackageMetaData   code: 'ECONNREFUSED',
253 silly fetchPackageMetaData   errno: 'ECONNREFUSED',
253 silly fetchPackageMetaData   syscall: 'connect',
253 silly fetchPackageMetaData   address: '151.101.64.162',
253 silly fetchPackageMetaData   port: 443 }
254 silly fetchPackageMetaData Error: connect ECONNREFUSED 151.101.64.162:443
254 silly fetchPackageMetaData     at Object.exports._errnoException (util.js:1018:11)
254 silly fetchPackageMetaData     at exports._exceptionWithHostPort (util.js:1041:20)
254 silly fetchPackageMetaData     at TCPConnectWrap.afterConnect [as oncomplete] (net.js:1090:14)
254 silly fetchPackageMetaData  error for @angular/forms@~4.0.0 { Error: connect ECONNREFUSED 151.101.64.162:443
254 silly fetchPackageMetaData     at Object.exports._errnoException (util.js:1018:11)
254 silly fetchPackageMetaData     at exports._exceptionWithHostPort (util.js:1041:20)
254 silly fetchPackageMetaData     at TCPConnectWrap.afterConnect [as oncomplete] (net.js:1090:14)
254 silly fetchPackageMetaData   code: 'ECONNREFUSED',
254 silly fetchPackageMetaData   errno: 'ECONNREFUSED',
254 silly fetchPackageMetaData   syscall: 'connect',
254 silly fetchPackageMetaData   address: '151.101.64.162',
254 silly fetchPackageMetaData   port: 443 }
255 silly fetchPackageMetaData Error: connect ECONNREFUSED 151.101.64.162:443
255 silly fetchPackageMetaData     at Object.exports._errnoException (util.js:1018:11)
255 silly fetchPackageMetaData     at exports._exceptionWithHostPort (util.js:1041:20)
255 silly fetchPackageMetaData     at TCPConnectWrap.afterConnect [as oncomplete] (net.js:1090:14)
255 silly fetchPackageMetaData  error for rxjs@5.0.1 { Error: connect ECONNREFUSED 151.101.64.162:443
255 silly fetchPackageMetaData     at Object.exports._errnoException (util.js:1018:11)
255 silly fetchPackageMetaData     at exports._exceptionWithHostPort (util.js:1041:20)
255 silly fetchPackageMetaData     at TCPConnectWrap.afterConnect [as oncomplete] (net.js:1090:14)
255 silly fetchPackageMetaData   code: 'ECONNREFUSED',
255 silly fetchPackageMetaData   errno: 'ECONNREFUSED',
255 silly fetchPackageMetaData   syscall: 'connect',
255 silly fetchPackageMetaData   address: '151.101.64.162',
255 silly fetchPackageMetaData   port: 443 }
256 silly fetchPackageMetaData Error: connect ECONNREFUSED 151.101.64.162:443
256 silly fetchPackageMetaData     at Object.exports._errnoException (util.js:1018:11)
256 silly fetchPackageMetaData     at exports._exceptionWithHostPort (util.js:1041:20)
256 silly fetchPackageMetaData     at TCPConnectWrap.afterConnect [as oncomplete] (net.js:1090:14)
256 silly fetchPackageMetaData  error for zone.js@^0.8.4 { Error: connect ECONNREFUSED 151.101.64.162:443
256 silly fetchPackageMetaData     at Object.exports._errnoException (util.js:1018:11)
256 silly fetchPackageMetaData     at exports._exceptionWithHostPort (util.js:1041:20)
256 silly fetchPackageMetaData     at TCPConnectWrap.afterConnect [as oncomplete] (net.js:1090:14)
256 silly fetchPackageMetaData   code: 'ECONNREFUSED',
256 silly fetchPackageMetaData   errno: 'ECONNREFUSED',
256 silly fetchPackageMetaData   syscall: 'connect',
256 silly fetchPackageMetaData   address: '151.101.64.162',
256 silly fetchPackageMetaData   port: 443 }
257 silly rollbackFailedOptional Starting
258 silly rollbackFailedOptional Finishing
259 silly runTopLevelLifecycles Finishing
260 silly install printInstalled
261 verbose stack Error: connect ECONNREFUSED 151.101.64.162:443
261 verbose stack     at Object.exports._errnoException (util.js:1018:11)
261 verbose stack     at exports._exceptionWithHostPort (util.js:1041:20)
261 verbose stack     at TCPConnectWrap.afterConnect [as oncomplete] (net.js:1090:14)
262 verbose cwd E:\Angular 2 Project\Angular-Version-2-Project
263 error Windows_NT 10.0.10240
264 error argv "C:\\Program Files\\nodejs\\node.exe" "C:\\Program Files\\nodejs\\node_modules\\npm\\bin\\npm-cli.js" "install"
265 error node v6.10.2
266 error npm  v3.10.10
267 error code ECONNREFUSED
268 error errno ECONNREFUSED
269 error syscall connect
270 error Error: connect ECONNREFUSED 151.101.64.162:443
270 error     at Object.exports._errnoException (util.js:1018:11)
270 error     at exports._exceptionWithHostPort (util.js:1041:20)
270 error     at TCPConnectWrap.afterConnect [as oncomplete] (net.js:1090:14)
270 error  { Error: connect ECONNREFUSED 151.101.64.162:443
270 error     at Object.exports._errnoException (util.js:1018:11)
270 error     at exports._exceptionWithHostPort (util.js:1041:20)
270 error     at TCPConnectWrap.afterConnect [as oncomplete] (net.js:1090:14)
270 error   code: 'ECONNREFUSED',
270 error   errno: 'ECONNREFUSED',
270 error   syscall: 'connect',
270 error   address: '151.101.64.162',
270 error   port: 443,
270 error   parent: 'angular-quickstart' }
271 error If you are behind a proxy, please make sure that the
271 error 'proxy' config is set properly.  See: 'npm help config'
272 verbose exit [ 1, true ]
